<?xml version="1.0" encoding="UTF-8"?>
<!-- Generated by org.testng.reporters.JUnitReportReporter -->
<testsuite skipped="0" hostname="Akram-PC" name="com.wordpress.Testcases.VerifyWordpressLogin" tests="2" failures="0" timestamp="23 Apr 2017 08:55:22 GMT" time="15.254" errors="0">
  <testcase name="verifyValidLogout" time="3.915" classname="com.wordpress.Testcases.VerifyWordpressLogin"/>
  <testcase name="verifyValidLogin" time="11.339" classname="com.wordpress.Testcases.VerifyWordpressLogin"/>
</testsuite> <!-- com.wordpress.Testcases.VerifyWordpressLogin -->
