<?xml version="1.0" encoding="UTF-8"?>
<!-- Generated by org.testng.reporters.JUnitReportReporter -->
<testsuite skipped="0" hostname="Akram-PC" name="Logintest" tests="2" failures="0" timestamp="21 Apr 2017 20:43:04 GMT" time="1.576" errors="0">
  <testcase name="FullName" time="0.376" classname="Logintest"/>
  <testcase name="Continents" time="1.200" classname="Logintest"/>
</testsuite> <!-- Logintest -->
